#
# There is insufficient memory for the Java Runtime Environment to continue.
# Native memory allocation (malloc) failed to allocate 1048576 bytes. Error detail: AllocateHeap
# Possible reasons:
#   The system is out of physical RAM or swap space
#   This process is running with CompressedOops enabled, and the Java Heap may be blocking the growth of the native heap
# Possible solutions:
#   Reduce memory load on the system
#   Increase physical memory or swap space
#   Check if swap backing store is full
#   Decrease Java heap size (-Xmx/-Xms)
#   Decrease number of Java threads
#   Decrease Java thread stack sizes (-Xss)
#   Set larger code cache with -XX:ReservedCodeCacheSize=
#   JVM is running with Unscaled Compressed Oops mode in which the Java heap is
#     placed in the first 4GB address space. The Java Heap base address is the
#     maximum limit for the native heap growth. Please use -XX:HeapBaseMinAddress
#     to set the Java Heap base and to place the Java Heap above 4GB virtual address.
# This output file may be truncated or incomplete.
#
#  Out of Memory Error (allocation.cpp:44), pid=10060, tid=26368
#
# JRE version: OpenJDK Runtime Environment Temurin-21.0.8+9 (21.0.8+9) (build 21.0.8+9-LTS)
# Java VM: OpenJDK 64-Bit Server VM Temurin-21.0.8+9 (21.0.8+9-LTS, mixed mode, sharing, tiered, compressed oops, compressed class ptrs, parallel gc, windows-amd64)
# No core dump will be written. Minidumps are not enabled by default on client versions of Windows
#

---------------  S U M M A R Y ------------

Command Line: --add-modules=ALL-SYSTEM --add-opens=java.base/java.util=ALL-UNNAMED --add-opens=java.base/java.lang=ALL-UNNAMED --add-opens=java.base/sun.nio.fs=ALL-UNNAMED -Declipse.application=org.eclipse.jdt.ls.core.id1 -Dosgi.bundles.defaultStartLevel=4 -Declipse.product=org.eclipse.jdt.ls.core.product -Djava.import.generatesMetadataFilesAtProjectRoot=false -DDetectVMInstallationsJob.disabled=true -Dfile.encoding=utf8 -XX:+UseParallelGC -XX:GCTimeRatio=4 -XX:AdaptiveSizePolicyWeight=90 -Dsun.zip.disableMemoryMapping=true -Xmx2G -Xms100m -Xlog:disable -javaagent:c:\Users\Hp\.cursor\extensions\redhat.java-1.46.0-win32-x64\lombok\lombok-1.18.39-4050.jar -XX:+HeapDumpOnOutOfMemoryError -XX:HeapDumpPath=c:\Users\Hp\AppData\Roaming\Cursor\User\workspaceStorage\b55cafc82524466c721ec8ddf2051226\redhat.java -Daether.dependencyCollector.impl=bf c:\Users\Hp\.cursor\extensions\redhat.java-1.46.0-win32-x64\server\plugins\org.eclipse.equinox.launcher_1.7.0.v20250519-0528.jar -configuration c:\Users\Hp\AppData\Roaming\Cursor\User\globalStorage\redhat.java\1.46.0\config_win -data c:\Users\Hp\AppData\Roaming\Cursor\User\workspaceStorage\b55cafc82524466c721ec8ddf2051226\redhat.java\jdt_ws --pipe=\\.\pipe\lsp-4f610125f9204399203cdd76dce3a8df-sock

Host: Intel(R) Core(TM) i5-8265U CPU @ 1.60GHz, 8 cores, 7G,  Windows 11 , 64 bit Build 22621 (10.0.22621.5415)
Time: Mon Oct 27 18:55:10 2025 E. Africa Standard Time elapsed time: 2141.241025 seconds (0d 0h 35m 41s)

---------------  T H R E A D  ---------------

Current thread (0x00000262e98a6d50):  JavaThread "Attach Listener" daemon [_thread_in_vm, id=26368, stack(0x000000f6d8800000,0x000000f6d8900000) (1024K)]

Stack: [0x000000f6d8800000,0x000000f6d8900000]
Native frames: (J=compiled Java code, j=interpreted, Vv=VM code, C=native code)
V  [jvm.dll+0x6d2449]
V  [jvm.dll+0x8ae341]
V  [jvm.dll+0x8b08be]
V  [jvm.dll+0x8b0fa3]
V  [jvm.dll+0x280c96]
V  [jvm.dll+0xc0347]
V  [jvm.dll+0x6d2cf9]
V  [jvm.dll+0x131116]
V  [jvm.dll+0x3f2d16]
V  [jvm.dll+0x857e6b]
V  [jvm.dll+0x6d0b0d]
C  [ucrtbase.dll+0x29333]
C  [KERNEL32.DLL+0x1259d]
C  [ntdll.dll+0x5af78]


---------------  P R O C E S S  ---------------

Threads class SMR info:
_java_thread_list=0x00000262f3b666d0, length=35, elements={
0x00000262d2e42360, 0x00000262e98a0290, 0x00000262e98a3f30, 0x00000262e98a5e40,
0x00000262e98a6d50, 0x00000262e98a9b70, 0x00000262e98ab9d0, 0x00000262e98ac750,
0x00000262e98dc890, 0x00000262eb2043d0, 0x00000262eb450d90, 0x00000262ebba8800,
0x00000262ebbd13c0, 0x00000262eb4b3210, 0x00000262eb4fe5e0, 0x00000262eb2551e0,
0x00000262f022dea0, 0x00000262eb969c10, 0x00000262f05f6b20, 0x00000262f06a1c00,
0x00000262f06a0850, 0x00000262eb60f630, 0x00000262eb615210, 0x00000262eb60e280,
0x00000262eb6158a0, 0x00000262eb611700, 0x00000262eb60e910, 0x00000262eb60efa0,
0x00000262eb613e60, 0x00000262eb6144f0, 0x00000262eb611070, 0x00000262eb613140,
0x00000262f2e6f710, 0x00000262eb612420, 0x00000262eb6109e0
}

Java Threads: ( => current thread )
  0x00000262d2e42360 JavaThread "main"                              [_thread_blocked, id=19400, stack(0x000000f6d8100000,0x000000f6d8200000) (1024K)]
  0x00000262e98a0290 JavaThread "Reference Handler"          daemon [_thread_blocked, id=9988, stack(0x000000f6d8500000,0x000000f6d8600000) (1024K)]
  0x00000262e98a3f30 JavaThread "Finalizer"                  daemon [_thread_blocked, id=17852, stack(0x000000f6d8600000,0x000000f6d8700000) (1024K)]
  0x00000262e98a5e40 JavaThread "Signal Dispatcher"          daemon [_thread_blocked, id=2468, stack(0x000000f6d8700000,0x000000f6d8800000) (1024K)]
=>0x00000262e98a6d50 JavaThread "Attach Listener"            daemon [_thread_in_vm, id=26368, stack(0x000000f6d8800000,0x000000f6d8900000) (1024K)]
  0x00000262e98a9b70 JavaThread "Service Thread"             daemon [_thread_blocked, id=2552, stack(0x000000f6d8900000,0x000000f6d8a00000) (1024K)]
  0x00000262e98ab9d0 JavaThread "Monitor Deflation Thread"   daemon [_thread_blocked, id=1448, stack(0x000000f6d8a00000,0x000000f6d8b00000) (1024K)]
  0x00000262e98ac750 JavaThread "C2 CompilerThread0"         daemon [_thread_blocked, id=23792, stack(0x000000f6d8b00000,0x000000f6d8c00000) (1024K)]
  0x00000262e98dc890 JavaThread "C1 CompilerThread0"         daemon [_thread_blocked, id=14900, stack(0x000000f6d8c00000,0x000000f6d8d00000) (1024K)]
  0x00000262eb2043d0 JavaThread "Common-Cleaner"             daemon [_thread_blocked, id=12072, stack(0x000000f6d8d00000,0x000000f6d8e00000) (1024K)]
  0x00000262eb450d90 JavaThread "Notification Thread"        daemon [_thread_blocked, id=25064, stack(0x000000f6d8e00000,0x000000f6d8f00000) (1024K)]
  0x00000262ebba8800 JavaThread "Active Thread: Equinox Container: 4864f7ff-1347-4dbc-8675-1171dffc393b"        [_thread_blocked, id=18656, stack(0x000000f6d9500000,0x000000f6d9600000) (1024K)]
  0x00000262ebbd13c0 JavaThread "Refresh Thread: Equinox Container: 4864f7ff-1347-4dbc-8675-1171dffc393b" daemon [_thread_blocked, id=16740, stack(0x000000f6d9700000,0x000000f6d9800000) (1024K)]
  0x00000262eb4b3210 JavaThread "Framework Event Dispatcher: Equinox Container: 4864f7ff-1347-4dbc-8675-1171dffc393b" daemon [_thread_blocked, id=21888, stack(0x000000f6d9800000,0x000000f6d9900000) (1024K)]
  0x00000262eb4fe5e0 JavaThread "Start Level: Equinox Container: 4864f7ff-1347-4dbc-8675-1171dffc393b" daemon [_thread_blocked, id=21280, stack(0x000000f6d9900000,0x000000f6d9a00000) (1024K)]
  0x00000262eb2551e0 JavaThread "Bundle File Closer"         daemon [_thread_blocked, id=17464, stack(0x000000f6d9a00000,0x000000f6d9b00000) (1024K)]
  0x00000262f022dea0 JavaThread "SCR Component Actor"        daemon [_thread_blocked, id=11300, stack(0x000000f6d9b00000,0x000000f6d9c00000) (1024K)]
  0x00000262eb969c10 JavaThread "Worker-JM"                         [_thread_blocked, id=21272, stack(0x000000f6d9c00000,0x000000f6d9d00000) (1024K)]
  0x00000262f05f6b20 JavaThread "JNA Cleaner"                daemon [_thread_blocked, id=15608, stack(0x000000f6d9d00000,0x000000f6d9e00000) (1024K)]
  0x00000262f06a1c00 JavaThread "Java indexing"              daemon [_thread_blocked, id=20304, stack(0x000000f6da300000,0x000000f6da400000) (1024K)]
  0x00000262f06a0850 JavaThread "Thread-1"                   daemon [_thread_in_native, id=16716, stack(0x000000f6da500000,0x000000f6da600000) (1024K)]
  0x00000262eb60f630 JavaThread "Thread-2"                   daemon [_thread_in_native, id=20472, stack(0x000000f6da600000,0x000000f6da700000) (1024K)]
  0x00000262eb615210 JavaThread "Thread-3"                   daemon [_thread_in_native, id=21240, stack(0x000000f6da700000,0x000000f6da800000) (1024K)]
  0x00000262eb60e280 JavaThread "Thread-4"                   daemon [_thread_in_native, id=22392, stack(0x000000f6da800000,0x000000f6da900000) (1024K)]
  0x00000262eb6158a0 JavaThread "Thread-5"                   daemon [_thread_in_native, id=24036, stack(0x000000f6da900000,0x000000f6daa00000) (1024K)]
  0x00000262eb611700 JavaThread "Thread-6"                   daemon [_thread_in_native, id=18732, stack(0x000000f6daa00000,0x000000f6dab00000) (1024K)]
  0x00000262eb60e910 JavaThread "Thread-7"                   daemon [_thread_in_native, id=20460, stack(0x000000f6dab00000,0x000000f6dac00000) (1024K)]
  0x00000262eb60efa0 JavaThread "Thread-8"                   daemon [_thread_in_native, id=19304, stack(0x000000f6dac00000,0x000000f6dad00000) (1024K)]
  0x00000262eb613e60 JavaThread "Thread-9"                   daemon [_thread_in_native, id=25416, stack(0x000000f6dad00000,0x000000f6dae00000) (1024K)]
  0x00000262eb6144f0 JavaThread "pool-2-thread-1"                   [_thread_blocked, id=4036, stack(0x000000f6dae00000,0x000000f6daf00000) (1024K)]
  0x00000262eb611070 JavaThread "WorkspaceEventsHandler"            [_thread_blocked, id=25724, stack(0x000000f6daf00000,0x000000f6db000000) (1024K)]
  0x00000262eb613140 JavaThread "pool-1-thread-1"                   [_thread_blocked, id=2516, stack(0x000000f6db000000,0x000000f6db100000) (1024K)]
  0x00000262f2e6f710 JavaThread "Timer-0"                           [_thread_blocked, id=11544, stack(0x000000f6dba00000,0x000000f6dbb00000) (1024K)]
  0x00000262eb612420 JavaThread "Worker-8"                          [_thread_blocked, id=26116, stack(0x000000f6d7e00000,0x000000f6d7f00000) (1024K)]
  0x00000262eb6109e0 JavaThread "Worker-9"                          [_thread_blocked, id=15060, stack(0x000000f6d8000000,0x000000f6d8100000) (1024K)]
Total: 35

Other Threads:
  0x00000262d0a92790 VMThread "VM Thread"                           [id=23008, stack(0x000000f6d8400000,0x000000f6d8500000) (1024K)]
  0x00000262e97bca00 WatcherThread "VM Periodic Task Thread"        [id=24808, stack(0x000000f6d8300000,0x000000f6d8400000) (1024K)]
  0x00000262d0a923f0 WorkerThread "GC Thread#0"                     [id=8732, stack(0x000000f6d8200000,0x000000f6d8300000) (1024K)]
  0x00000262d0a911d0 WorkerThread "GC Thread#1"                     [id=14092, stack(0x000000f6d8f00000,0x000000f6d9000000) (1024K)]
  0x00000262d0a91570 WorkerThread "GC Thread#2"                     [id=24364, stack(0x000000f6d9000000,0x000000f6d9100000) (1024K)]
  0x00000262eba54780 WorkerThread "GC Thread#3"                     [id=14572, stack(0x000000f6d9100000,0x000000f6d9200000) (1024K)]
  0x00000262eba54b20 WorkerThread "GC Thread#4"                     [id=14076, stack(0x000000f6d9200000,0x000000f6d9300000) (1024K)]
  0x00000262eba55d40 WorkerThread "GC Thread#5"                     [id=19368, stack(0x000000f6d9300000,0x000000f6d9400000) (1024K)]
  0x00000262eba55260 WorkerThread "GC Thread#6"                     [id=21228, stack(0x000000f6d9400000,0x000000f6d9500000) (1024K)]
  0x00000262eba560e0 WorkerThread "GC Thread#7"                     [id=19740, stack(0x000000f6d9600000,0x000000f6d9700000) (1024K)]
Total: 10

Threads with active compile tasks:
Total: 0

VM state: not at safepoint (normal execution)

VM Mutex/Monitor currently owned by a thread: None

Heap address: 0x0000000080000000, size: 2048 MB, Compressed Oops mode: 32-bit

CDS archive(s) mapped at: [0x0000026280000000-0x0000026280ba0000-0x0000026280ba0000), size 12189696, SharedBaseAddress: 0x0000026280000000, ArchiveRelocationMode: 1.
Compressed class space mapped at: 0x0000026281000000-0x00000262c1000000, reserved size: 1073741824
Narrow klass base: 0x0000026280000000, Narrow klass shift: 0, Narrow klass range: 0x100000000

GC Precious Log:
 CardTable entry size: 512
 CPUs: 8 total, 8 available
 Memory: 8078M
 Large Page Support: Disabled
 NUMA Support: Disabled
 Compressed Oops: Enabled (32-bit)
 Alignments: Space 512K, Generation 512K, Heap 2M
 Heap Min Capacity: 100M
 Heap Initial Capacity: 100M
 Heap Max Capacity: 2G
 Pre-touch: Disabled
 Parallel Workers: 8

Heap:
 PSYoungGen      total 7168K, used 1150K [0x00000000d5580000, 0x00000000d5e80000, 0x0000000100000000)
  eden space 6656K, 14% used [0x00000000d5580000,0x00000000d566f850,0x00000000d5c00000)
  from space 512K, 37% used [0x00000000d5e00000,0x00000000d5e30000,0x00000000d5e80000)
  to   space 512K, 0% used [0x00000000d5d80000,0x00000000d5d80000,0x00000000d5e00000)
 ParOldGen       total 178176K, used 177694K [0x0000000080000000, 0x000000008ae00000, 0x00000000d5580000)
  object space 178176K, 99% used [0x0000000080000000,0x000000008ad87a28,0x000000008ae00000)
 Metaspace       used 63669K, committed 65088K, reserved 1114112K
  class space    used 7384K, committed 8000K, reserved 1048576K

Card table byte_map: [0x00000262d2800000,0x00000262d2c10000] _byte_map_base: 0x00000262d2400000

Marking Bits: (ParMarkBitMap*) 0x00007ff99873a340
 Begin Bits: [0x00000262e52e0000, 0x00000262e72e0000)
 End Bits:   [0x00000262e72e0000, 0x00000262e92e0000)

Polling page: 0x00000262d0d30000

Metaspace:

Usage:
  Non-class:     54.97 MB used.
      Class:      7.21 MB used.
       Both:     62.18 MB used.

Virtual space:
  Non-class space:       64.00 MB reserved,      55.75 MB ( 87%) committed,  1 nodes.
      Class space:        1.00 GB reserved,       7.81 MB ( <1%) committed,  1 nodes.
             Both:        1.06 GB reserved,      63.56 MB (  6%) committed. 

Chunk freelists:
   Non-Class:  7.69 MB
       Class:  8.20 MB
        Both:  15.89 MB

MaxMetaspaceSize: unlimited
CompressedClassSpaceSize: 1.00 GB
Initial GC threshold: 21.00 MB
Current GC threshold: 97.31 MB
CDS: on
 - commit_granule_bytes: 65536.
 - commit_granule_words: 8192.
 - virtual_space_node_default_size: 8388608.
 - enlarge_chunks_in_place: 1.
 - use_allocation_guard: 0.


Internal statistics:

num_allocs_failed_limit: 9.
num_arena_births: 1140.
num_arena_deaths: 14.
num_vsnodes_births: 2.
num_vsnodes_deaths: 0.
num_space_committed: 1017.
num_space_uncommitted: 0.
num_chunks_returned_to_freelist: 23.
num_chunks_taken_from_freelist: 3891.
num_chunk_merges: 14.
num_chunk_splits: 2483.
num_chunks_enlarged: 1522.
num_inconsistent_stats: 0.

CodeHeap 'non-profiled nmethods': size=120000Kb used=6251Kb max_used=6251Kb free=113749Kb
 bounds [0x00000262ddb00000, 0x00000262de120000, 0x00000262e5030000]
CodeHeap 'profiled nmethods': size=120000Kb used=18734Kb max_used=18734Kb free=101265Kb
 bounds [0x00000262d6030000, 0x00000262d7280000, 0x00000262dd560000]
CodeHeap 'non-nmethods': size=5760Kb used=1409Kb max_used=1503Kb free=4350Kb
 bounds [0x00000262dd560000, 0x00000262dd7d0000, 0x00000262ddb00000]
CodeCache: size=245760Kb, used=26394Kb, max_used=26488Kb, free=219364Kb
 total_blobs=9609, nmethods=8892, adapters=623, full_count=0
Compilation: enabled, stopped_count=0, restarted_count=0

Compilation events (20 events):
Event: 2103.909 Thread 0x00000262e98dc890 9639       3       java.util.concurrent.locks.AbstractQueuedSynchronizer$ConditionObject::awaitNanos (207 bytes)
Event: 2103.984 Thread 0x00000262e98dc890 nmethod 9639 0x00000262d726c810 code [0x00000262d726cb00, 0x00000262d726d9b0]
Event: 2107.397 Thread 0x00000262e98dc890 9640   !   3       java.util.concurrent.ScheduledThreadPoolExecutor$DelayedWorkQueue::offer (123 bytes)
Event: 2107.446 Thread 0x00000262e98dc890 nmethod 9640 0x00000262d726df10 code [0x00000262d726e220, 0x00000262d726f5b0]
Event: 2107.447 Thread 0x00000262e98dc890 9641       3       java.util.concurrent.ThreadPoolExecutor::ensurePrestart (41 bytes)
Event: 2107.455 Thread 0x00000262e98dc890 nmethod 9641 0x00000262d726fe10 code [0x00000262d726ffe0, 0x00000262d7270290]
Event: 2123.879 Thread 0x00000262e98dc890 9642   !   3       java.util.concurrent.FutureTask::runAndReset (125 bytes)
Event: 2123.940 Thread 0x00000262e98dc890 nmethod 9642 0x00000262d7270390 code [0x00000262d7270800, 0x00000262d7272c20]
Event: 2128.549 Thread 0x00000262e98dc890 9645       3       org.eclipse.core.internal.events.BuildCommand::setArguments (21 bytes)
Event: 2128.557 Thread 0x00000262e98dc890 nmethod 9645 0x00000262d7273790 code [0x00000262d7273960, 0x00000262d7273cc0]
Event: 2128.659 Thread 0x00000262e98dc890 9646       3       java.util.regex.Pattern$BitClass::<init> (14 bytes)
Event: 2128.660 Thread 0x00000262e98dc890 nmethod 9646 0x00000262d7273e10 code [0x00000262d7273fc0, 0x00000262d72741e0]
Event: 2128.777 Thread 0x00000262e98dc890 9647  s!   3       org.eclipse.core.internal.jobs.WorkerPool::sleep (124 bytes)
Event: 2128.789 Thread 0x00000262e98dc890 nmethod 9647 0x00000262d7274290 code [0x00000262d72744a0, 0x00000262d72749b8]
Event: 2128.801 Thread 0x00000262e98dc890 9648       3       org.eclipse.core.internal.preferences.PreferencesService::getNodes (128 bytes)
Event: 2128.865 Thread 0x00000262e98dc890 nmethod 9648 0x00000262d7274b90 code [0x00000262d7274f60, 0x00000262d72769a8]
Event: 2128.865 Thread 0x00000262e98dc890 9652       3       org.eclipse.core.internal.dtree.DeltaDataTree::setData (43 bytes)
Event: 2128.892 Thread 0x00000262e98dc890 nmethod 9652 0x00000262d7277410 code [0x00000262d7277680, 0x00000262d7278050]
Event: 2128.892 Thread 0x00000262e98dc890 9649       3       org.eclipse.core.internal.preferences.PreferencesService::getLookupOrder (45 bytes)
Event: 2128.930 Thread 0x00000262e98dc890 nmethod 9649 0x00000262d7278410 code [0x00000262d7278880, 0x00000262d727ae58]

GC Heap History (20 events):
Event: 321.540 GC heap before
{Heap before GC invocations=132 (full 3):
 PSYoungGen      total 8704K, used 8013K [0x00000000d5580000, 0x00000000d6280000, 0x0000000100000000)
  eden space 5120K, 100% used [0x00000000d5580000,0x00000000d5a80000,0x00000000d5a80000)
  from space 3584K, 80% used [0x00000000d5f00000,0x00000000d61d3630,0x00000000d6280000)
  to   space 4096K, 0% used [0x00000000d5a80000,0x00000000d5a80000,0x00000000d5e80000)
 ParOldGen       total 172544K, used 172196K [0x0000000080000000, 0x000000008a880000, 0x00000000d5580000)
  object space 172544K, 99% used [0x0000000080000000,0x000000008a8293e8,0x000000008a880000)
 Metaspace       used 62693K, committed 64128K, reserved 1114112K
  class space    used 7331K, committed 7936K, reserved 1048576K
}
Event: 321.544 GC heap after
{Heap after GC invocations=132 (full 3):
 PSYoungGen      total 7168K, used 1984K [0x00000000d5580000, 0x00000000d6080000, 0x0000000100000000)
  eden space 5120K, 0% used [0x00000000d5580000,0x00000000d5580000,0x00000000d5a80000)
  from space 2048K, 96% used [0x00000000d5a80000,0x00000000d5c70000,0x00000000d5c80000)
  to   space 2560K, 0% used [0x00000000d5e00000,0x00000000d5e00000,0x00000000d6080000)
 ParOldGen       total 175104K, used 174966K [0x0000000080000000, 0x000000008ab00000, 0x00000000d5580000)
  object space 175104K, 99% used [0x0000000080000000,0x000000008aadda28,0x000000008ab00000)
 Metaspace       used 62693K, committed 64128K, reserved 1114112K
  class space    used 7331K, committed 7936K, reserved 1048576K
}
Event: 321.552 GC heap before
{Heap before GC invocations=133 (full 3):
 PSYoungGen      total 7168K, used 7104K [0x00000000d5580000, 0x00000000d6080000, 0x0000000100000000)
  eden space 5120K, 100% used [0x00000000d5580000,0x00000000d5a80000,0x00000000d5a80000)
  from space 2048K, 96% used [0x00000000d5a80000,0x00000000d5c70000,0x00000000d5c80000)
  to   space 2560K, 0% used [0x00000000d5e00000,0x00000000d5e00000,0x00000000d6080000)
 ParOldGen       total 175104K, used 174966K [0x0000000080000000, 0x000000008ab00000, 0x00000000d5580000)
  object space 175104K, 99% used [0x0000000080000000,0x000000008aadda28,0x000000008ab00000)
 Metaspace       used 62693K, committed 64128K, reserved 1114112K
  class space    used 7331K, committed 7936K, reserved 1048576K
}
Event: 321.554 GC heap after
{Heap after GC invocations=133 (full 3):
 PSYoungGen      total 7168K, used 671K [0x00000000d5580000, 0x00000000d5f00000, 0x0000000100000000)
  eden space 6144K, 0% used [0x00000000d5580000,0x00000000d5580000,0x00000000d5b80000)
  from space 1024K, 65% used [0x00000000d5e00000,0x00000000d5ea7d38,0x00000000d5f00000)
  to   space 1536K, 0% used [0x00000000d5c00000,0x00000000d5c00000,0x00000000d5d80000)
 ParOldGen       total 177152K, used 176822K [0x0000000080000000, 0x000000008ad00000, 0x00000000d5580000)
  object space 177152K, 99% used [0x0000000080000000,0x000000008acada28,0x000000008ad00000)
 Metaspace       used 62693K, committed 64128K, reserved 1114112K
  class space    used 7331K, committed 7936K, reserved 1048576K
}
Event: 470.894 GC heap before
{Heap before GC invocations=134 (full 3):
 PSYoungGen      total 7168K, used 6815K [0x00000000d5580000, 0x00000000d5f00000, 0x0000000100000000)
  eden space 6144K, 100% used [0x00000000d5580000,0x00000000d5b80000,0x00000000d5b80000)
  from space 1024K, 65% used [0x00000000d5e00000,0x00000000d5ea7d38,0x00000000d5f00000)
  to   space 1536K, 0% used [0x00000000d5c00000,0x00000000d5c00000,0x00000000d5d80000)
 ParOldGen       total 177152K, used 176822K [0x0000000080000000, 0x000000008ad00000, 0x00000000d5580000)
  object space 177152K, 99% used [0x0000000080000000,0x000000008acada28,0x000000008ad00000)
 Metaspace       used 62970K, committed 64512K, reserved 1114112K
  class space    used 7358K, committed 8000K, reserved 1048576K
}
Event: 470.911 GC heap after
{Heap after GC invocations=134 (full 3):
 PSYoungGen      total 8192K, used 96K [0x00000000d5580000, 0x00000000d5e80000, 0x0000000100000000)
  eden space 6656K, 0% used [0x00000000d5580000,0x00000000d5580000,0x00000000d5c00000)
  from space 1536K, 6% used [0x00000000d5c00000,0x00000000d5c18000,0x00000000d5d80000)
  to   space 512K, 0% used [0x00000000d5e00000,0x00000000d5e00000,0x00000000d5e80000)
 ParOldGen       total 177664K, used 177270K [0x0000000080000000, 0x000000008ad80000, 0x00000000d5580000)
  object space 177664K, 99% used [0x0000000080000000,0x000000008ad1da28,0x000000008ad80000)
 Metaspace       used 62970K, committed 64512K, reserved 1114112K
  class space    used 7358K, committed 8000K, reserved 1048576K
}
Event: 603.205 GC heap before
{Heap before GC invocations=135 (full 3):
 PSYoungGen      total 8192K, used 6752K [0x00000000d5580000, 0x00000000d5e80000, 0x0000000100000000)
  eden space 6656K, 100% used [0x00000000d5580000,0x00000000d5c00000,0x00000000d5c00000)
  from space 1536K, 6% used [0x00000000d5c00000,0x00000000d5c18000,0x00000000d5d80000)
  to   space 512K, 0% used [0x00000000d5e00000,0x00000000d5e00000,0x00000000d5e80000)
 ParOldGen       total 177664K, used 177270K [0x0000000080000000, 0x000000008ad80000, 0x00000000d5580000)
  object space 177664K, 99% used [0x0000000080000000,0x000000008ad1da28,0x000000008ad80000)
 Metaspace       used 63255K, committed 64704K, reserved 1114112K
  class space    used 7380K, committed 8000K, reserved 1048576K
}
Event: 603.289 GC heap after
{Heap after GC invocations=135 (full 3):
 PSYoungGen      total 7168K, used 224K [0x00000000d5580000, 0x00000000d5e80000, 0x0000000100000000)
  eden space 6656K, 0% used [0x00000000d5580000,0x00000000d5580000,0x00000000d5c00000)
  from space 512K, 43% used [0x00000000d5e00000,0x00000000d5e38000,0x00000000d5e80000)
  to   space 512K, 0% used [0x00000000d5d80000,0x00000000d5d80000,0x00000000d5e00000)
 ParOldGen       total 177664K, used 177334K [0x0000000080000000, 0x000000008ad80000, 0x00000000d5580000)
  object space 177664K, 99% used [0x0000000080000000,0x000000008ad2da28,0x000000008ad80000)
 Metaspace       used 63255K, committed 64704K, reserved 1114112K
  class space    used 7380K, committed 8000K, reserved 1048576K
}
Event: 674.599 GC heap before
{Heap before GC invocations=136 (full 3):
 PSYoungGen      total 7168K, used 6880K [0x00000000d5580000, 0x00000000d5e80000, 0x0000000100000000)
  eden space 6656K, 100% used [0x00000000d5580000,0x00000000d5c00000,0x00000000d5c00000)
  from space 512K, 43% used [0x00000000d5e00000,0x00000000d5e38000,0x00000000d5e80000)
  to   space 512K, 0% used [0x00000000d5d80000,0x00000000d5d80000,0x00000000d5e00000)
 ParOldGen       total 177664K, used 177334K [0x0000000080000000, 0x000000008ad80000, 0x00000000d5580000)
  object space 177664K, 99% used [0x0000000080000000,0x000000008ad2da28,0x000000008ad80000)
 Metaspace       used 63343K, committed 64768K, reserved 1114112K
  class space    used 7380K, committed 8000K, reserved 1048576K
}
Event: 674.732 GC heap after
{Heap after GC invocations=136 (full 3):
 PSYoungGen      total 7168K, used 256K [0x00000000d5580000, 0x00000000d5e80000, 0x0000000100000000)
  eden space 6656K, 0% used [0x00000000d5580000,0x00000000d5580000,0x00000000d5c00000)
  from space 512K, 50% used [0x00000000d5d80000,0x00000000d5dc0000,0x00000000d5e00000)
  to   space 512K, 0% used [0x00000000d5e00000,0x00000000d5e00000,0x00000000d5e80000)
 ParOldGen       total 177664K, used 177398K [0x0000000080000000, 0x000000008ad80000, 0x00000000d5580000)
  object space 177664K, 99% used [0x0000000080000000,0x000000008ad3da28,0x000000008ad80000)
 Metaspace       used 63343K, committed 64768K, reserved 1114112K
  class space    used 7380K, committed 8000K, reserved 1048576K
}
Event: 675.391 GC heap before
{Heap before GC invocations=137 (full 3):
 PSYoungGen      total 7168K, used 6912K [0x00000000d5580000, 0x00000000d5e80000, 0x0000000100000000)
  eden space 6656K, 100% used [0x00000000d5580000,0x00000000d5c00000,0x00000000d5c00000)
  from space 512K, 50% used [0x00000000d5d80000,0x00000000d5dc0000,0x00000000d5e00000)
  to   space 512K, 0% used [0x00000000d5e00000,0x00000000d5e00000,0x00000000d5e80000)
 ParOldGen       total 177664K, used 177398K [0x0000000080000000, 0x000000008ad80000, 0x00000000d5580000)
  object space 177664K, 99% used [0x0000000080000000,0x000000008ad3da28,0x000000008ad80000)
 Metaspace       used 63428K, committed 64832K, reserved 1114112K
  class space    used 7380K, committed 8000K, reserved 1048576K
}
Event: 675.396 GC heap after
{Heap after GC invocations=137 (full 3):
 PSYoungGen      total 7168K, used 224K [0x00000000d5580000, 0x00000000d5e80000, 0x0000000100000000)
  eden space 6656K, 0% used [0x00000000d5580000,0x00000000d5580000,0x00000000d5c00000)
  from space 512K, 43% used [0x00000000d5e00000,0x00000000d5e38000,0x00000000d5e80000)
  to   space 512K, 0% used [0x00000000d5d80000,0x00000000d5d80000,0x00000000d5e00000)
 ParOldGen       total 177664K, used 177454K [0x0000000080000000, 0x000000008ad80000, 0x00000000d5580000)
  object space 177664K, 99% used [0x0000000080000000,0x000000008ad4ba28,0x000000008ad80000)
 Metaspace       used 63428K, committed 64832K, reserved 1114112K
  class space    used 7380K, committed 8000K, reserved 1048576K
}
Event: 1580.111 GC heap before
{Heap before GC invocations=138 (full 3):
 PSYoungGen      total 7168K, used 6880K [0x00000000d5580000, 0x00000000d5e80000, 0x0000000100000000)
  eden space 6656K, 100% used [0x00000000d5580000,0x00000000d5c00000,0x00000000d5c00000)
  from space 512K, 43% used [0x00000000d5e00000,0x00000000d5e38000,0x00000000d5e80000)
  to   space 512K, 0% used [0x00000000d5d80000,0x00000000d5d80000,0x00000000d5e00000)
 ParOldGen       total 177664K, used 177454K [0x0000000080000000, 0x000000008ad80000, 0x00000000d5580000)
  object space 177664K, 99% used [0x0000000080000000,0x000000008ad4ba28,0x000000008ad80000)
 Metaspace       used 63531K, committed 65024K, reserved 1114112K
  class space    used 7380K, committed 8000K, reserved 1048576K
}
Event: 1580.290 GC heap after
{Heap after GC invocations=138 (full 3):
 PSYoungGen      total 7168K, used 224K [0x00000000d5580000, 0x00000000d5e80000, 0x0000000100000000)
  eden space 6656K, 0% used [0x00000000d5580000,0x00000000d5580000,0x00000000d5c00000)
  from space 512K, 43% used [0x00000000d5d80000,0x00000000d5db8000,0x00000000d5e00000)
  to   space 512K, 0% used [0x00000000d5e00000,0x00000000d5e00000,0x00000000d5e80000)
 ParOldGen       total 177664K, used 177510K [0x0000000080000000, 0x000000008ad80000, 0x00000000d5580000)
  object space 177664K, 99% used [0x0000000080000000,0x000000008ad59a28,0x000000008ad80000)
 Metaspace       used 63531K, committed 65024K, reserved 1114112K
  class space    used 7380K, committed 8000K, reserved 1048576K
}
Event: 1883.252 GC heap before
{Heap before GC invocations=139 (full 3):
 PSYoungGen      total 7168K, used 6880K [0x00000000d5580000, 0x00000000d5e80000, 0x0000000100000000)
  eden space 6656K, 100% used [0x00000000d5580000,0x00000000d5c00000,0x00000000d5c00000)
  from space 512K, 43% used [0x00000000d5d80000,0x00000000d5db8000,0x00000000d5e00000)
  to   space 512K, 0% used [0x00000000d5e00000,0x00000000d5e00000,0x00000000d5e80000)
 ParOldGen       total 177664K, used 177510K [0x0000000080000000, 0x000000008ad80000, 0x00000000d5580000)
  object space 177664K, 99% used [0x0000000080000000,0x000000008ad59a28,0x000000008ad80000)
 Metaspace       used 63589K, committed 65024K, reserved 1114112K
  class space    used 7381K, committed 8000K, reserved 1048576K
}
Event: 1883.337 GC heap after
{Heap after GC invocations=139 (full 3):
 PSYoungGen      total 7168K, used 256K [0x00000000d5580000, 0x00000000d5e80000, 0x0000000100000000)
  eden space 6656K, 0% used [0x00000000d5580000,0x00000000d5580000,0x00000000d5c00000)
  from space 512K, 50% used [0x00000000d5e00000,0x00000000d5e40000,0x00000000d5e80000)
  to   space 512K, 0% used [0x00000000d5d80000,0x00000000d5d80000,0x00000000d5e00000)
 ParOldGen       total 177664K, used 177566K [0x0000000080000000, 0x000000008ad80000, 0x00000000d5580000)
  object space 177664K, 99% used [0x0000000080000000,0x000000008ad67a28,0x000000008ad80000)
 Metaspace       used 63589K, committed 65024K, reserved 1114112K
  class space    used 7381K, committed 8000K, reserved 1048576K
}
Event: 1915.290 GC heap before
{Heap before GC invocations=140 (full 3):
 PSYoungGen      total 7168K, used 6912K [0x00000000d5580000, 0x00000000d5e80000, 0x0000000100000000)
  eden space 6656K, 100% used [0x00000000d5580000,0x00000000d5c00000,0x00000000d5c00000)
  from space 512K, 50% used [0x00000000d5e00000,0x00000000d5e40000,0x00000000d5e80000)
  to   space 512K, 0% used [0x00000000d5d80000,0x00000000d5d80000,0x00000000d5e00000)
 ParOldGen       total 177664K, used 177566K [0x0000000080000000, 0x000000008ad80000, 0x00000000d5580000)
  object space 177664K, 99% used [0x0000000080000000,0x000000008ad67a28,0x000000008ad80000)
 Metaspace       used 63613K, committed 65088K, reserved 1114112K
  class space    used 7381K, committed 8000K, reserved 1048576K
}
Event: 1915.304 GC heap after
{Heap after GC invocations=140 (full 3):
 PSYoungGen      total 7168K, used 192K [0x00000000d5580000, 0x00000000d5e80000, 0x0000000100000000)
  eden space 6656K, 0% used [0x00000000d5580000,0x00000000d5580000,0x00000000d5c00000)
  from space 512K, 37% used [0x00000000d5d80000,0x00000000d5db0000,0x00000000d5e00000)
  to   space 512K, 0% used [0x00000000d5e00000,0x00000000d5e00000,0x00000000d5e80000)
 ParOldGen       total 177664K, used 177646K [0x0000000080000000, 0x000000008ad80000, 0x00000000d5580000)
  object space 177664K, 99% used [0x0000000080000000,0x000000008ad7ba28,0x000000008ad80000)
 Metaspace       used 63613K, committed 65088K, reserved 1114112K
  class space    used 7381K, committed 8000K, reserved 1048576K
}
Event: 1915.977 GC heap before
{Heap before GC invocations=141 (full 3):
 PSYoungGen      total 7168K, used 6848K [0x00000000d5580000, 0x00000000d5e80000, 0x0000000100000000)
  eden space 6656K, 100% used [0x00000000d5580000,0x00000000d5c00000,0x00000000d5c00000)
  from space 512K, 37% used [0x00000000d5d80000,0x00000000d5db0000,0x00000000d5e00000)
  to   space 512K, 0% used [0x00000000d5e00000,0x00000000d5e00000,0x00000000d5e80000)
 ParOldGen       total 177664K, used 177646K [0x0000000080000000, 0x000000008ad80000, 0x00000000d5580000)
  object space 177664K, 99% used [0x0000000080000000,0x000000008ad7ba28,0x000000008ad80000)
 Metaspace       used 63650K, committed 65088K, reserved 1114112K
  class space    used 7384K, committed 8000K, reserved 1048576K
}
Event: 1915.980 GC heap after
{Heap after GC invocations=141 (full 3):
 PSYoungGen      total 7168K, used 192K [0x00000000d5580000, 0x00000000d5e80000, 0x0000000100000000)
  eden space 6656K, 0% used [0x00000000d5580000,0x00000000d5580000,0x00000000d5c00000)
  from space 512K, 37% used [0x00000000d5e00000,0x00000000d5e30000,0x00000000d5e80000)
  to   space 512K, 0% used [0x00000000d5d80000,0x00000000d5d80000,0x00000000d5e00000)
 ParOldGen       total 178176K, used 177694K [0x0000000080000000, 0x000000008ae00000, 0x00000000d5580000)
  object space 178176K, 99% used [0x0000000080000000,0x000000008ad87a28,0x000000008ae00000)
 Metaspace       used 63650K, committed 65088K, reserved 1114112K
  class space    used 7384K, committed 8000K, reserved 1048576K
}

Dll operation events (15 events):
Event: 0.033 Loaded shared library c:\Users\Hp\.cursor\extensions\redhat.java-1.46.0-win32-x64\jre\21.0.8-win32-x86_64\bin\java.dll
Event: 0.449 Loaded shared library c:\Users\Hp\.cursor\extensions\redhat.java-1.46.0-win32-x64\jre\21.0.8-win32-x86_64\bin\zip.dll
Event: 0.523 Loaded shared library C:\Users\Hp\.cursor\extensions\redhat.java-1.46.0-win32-x64\jre\21.0.8-win32-x86_64\bin\instrument.dll
Event: 0.551 Loaded shared library C:\Users\Hp\.cursor\extensions\redhat.java-1.46.0-win32-x64\jre\21.0.8-win32-x86_64\bin\net.dll
Event: 0.565 Loaded shared library C:\Users\Hp\.cursor\extensions\redhat.java-1.46.0-win32-x64\jre\21.0.8-win32-x86_64\bin\nio.dll
Event: 0.576 Loaded shared library C:\Users\Hp\.cursor\extensions\redhat.java-1.46.0-win32-x64\jre\21.0.8-win32-x86_64\bin\zip.dll
Event: 0.633 Loaded shared library C:\Users\Hp\.cursor\extensions\redhat.java-1.46.0-win32-x64\jre\21.0.8-win32-x86_64\bin\jimage.dll
Event: 0.967 Loaded shared library c:\Users\Hp\.cursor\extensions\redhat.java-1.46.0-win32-x64\jre\21.0.8-win32-x86_64\bin\verify.dll
Event: 20.995 Loaded shared library C:\Users\Hp\AppData\Roaming\Cursor\User\globalStorage\redhat.java\1.46.0\config_win\org.eclipse.equinox.launcher\org.eclipse.equinox.launcher.win32.win32.x86_64_1.2.1400.v20250801-0854\eclipse_11916.dll
Event: 41.147 Loaded shared library C:\Users\Hp\AppData\Local\Temp\jna-2344\jna9119603383936265834.dll
Event: 64.855 Loaded shared library C:\Users\Hp\.gradle\native\c067742578af261105cb4f569cf0c3c89f3d7b1fecec35dd04571415982c5e48\windows-amd64\native-platform.dll
Event: 70.142 Loaded shared library C:\Users\Hp\.cursor\extensions\redhat.java-1.46.0-win32-x64\jre\21.0.8-win32-x86_64\bin\management.dll
Event: 70.155 Loaded shared library C:\Users\Hp\.cursor\extensions\redhat.java-1.46.0-win32-x64\jre\21.0.8-win32-x86_64\bin\management_ext.dll
Event: 70.781 Loaded shared library C:\Users\Hp\.cursor\extensions\redhat.java-1.46.0-win32-x64\jre\21.0.8-win32-x86_64\bin\sunmscapi.dll
Event: 72.495 Loaded shared library C:\Users\Hp\.cursor\extensions\redhat.java-1.46.0-win32-x64\jre\21.0.8-win32-x86_64\bin\extnet.dll

Deoptimization events (20 events):
Event: 603.188 Thread 0x00000262eb611070 DEOPT PACKING pc=0x00000262de0a09b8 sp=0x000000f6daffe7a0
Event: 603.188 Thread 0x00000262eb611070 DEOPT UNPACKING pc=0x00000262dd5b3aa2 sp=0x000000f6daffe678 mode 2
Event: 603.188 Thread 0x00000262eb611070 Uncommon trap: trap_request=0xffffffde fr.pc=0x00000262de0a09b8 relative=0x0000000000000b38
Event: 603.188 Thread 0x00000262eb611070 Uncommon trap: reason=class_check action=maybe_recompile pc=0x00000262de0a09b8 method=org.eclipse.core.internal.dtree.DeltaDataTree.lookup(Lorg/eclipse/core/runtime/IPath;)Lorg/eclipse/core/internal/dtree/DataTreeLookup; @ 106 c2
Event: 603.188 Thread 0x00000262eb611070 DEOPT PACKING pc=0x00000262de0a09b8 sp=0x000000f6daffe710
Event: 603.188 Thread 0x00000262eb611070 DEOPT UNPACKING pc=0x00000262dd5b3aa2 sp=0x000000f6daffe5e8 mode 2
Event: 603.191 Thread 0x00000262eb611070 Uncommon trap: trap_request=0xffffffde fr.pc=0x00000262de0a09b8 relative=0x0000000000000b38
Event: 603.192 Thread 0x00000262eb611070 Uncommon trap: reason=class_check action=maybe_recompile pc=0x00000262de0a09b8 method=org.eclipse.core.internal.dtree.DeltaDataTree.lookup(Lorg/eclipse/core/runtime/IPath;)Lorg/eclipse/core/internal/dtree/DataTreeLookup; @ 106 c2
Event: 603.192 Thread 0x00000262eb611070 DEOPT PACKING pc=0x00000262de0a09b8 sp=0x000000f6daffe7a0
Event: 603.192 Thread 0x00000262eb611070 DEOPT UNPACKING pc=0x00000262dd5b3aa2 sp=0x000000f6daffe678 mode 2
Event: 603.192 Thread 0x00000262eb611070 Uncommon trap: trap_request=0xffffffde fr.pc=0x00000262de09f430 relative=0x0000000000000690
Event: 603.192 Thread 0x00000262eb611070 Uncommon trap: reason=class_check action=maybe_recompile pc=0x00000262de09f430 method=org.eclipse.core.internal.dtree.DeltaDataTree.lookup(Lorg/eclipse/core/runtime/IPath;)Lorg/eclipse/core/internal/dtree/DataTreeLookup; @ 106 c2
Event: 603.192 Thread 0x00000262eb611070 DEOPT PACKING pc=0x00000262de09f430 sp=0x000000f6daffe6b0
Event: 603.192 Thread 0x00000262eb611070 DEOPT UNPACKING pc=0x00000262dd5b3aa2 sp=0x000000f6daffe5e8 mode 2
Event: 675.327 Thread 0x00000262eb611070 DEOPT PACKING pc=0x00000262d6e28e39 sp=0x000000f6daffed10
Event: 675.328 Thread 0x00000262eb611070 DEOPT UNPACKING pc=0x00000262dd5b4242 sp=0x000000f6daffe210 mode 0
Event: 1883.213 Thread 0x00000262eb611070 DEOPT PACKING pc=0x00000262d6e28e39 sp=0x000000f6daffed10
Event: 1883.214 Thread 0x00000262eb611070 DEOPT UNPACKING pc=0x00000262dd5b4242 sp=0x000000f6daffe210 mode 0
Event: 1915.949 Thread 0x00000262eb611070 DEOPT PACKING pc=0x00000262d6e28e39 sp=0x000000f6daffe3f0
Event: 1915.953 Thread 0x00000262eb611070 DEOPT UNPACKING pc=0x00000262dd5b4242 sp=0x000000f6daffd8f0 mode 0

Classes loaded (20 events):
Event: 97.007 Loading class java/util/zip/CheckedInputStream
Event: 97.007 Loading class java/util/zip/CheckedInputStream done
Event: 396.897 Loading class java/util/stream/Nodes$CollectorTask$OfRef
Event: 396.902 Loading class java/util/stream/Nodes$CollectorTask
Event: 396.912 Loading class java/util/stream/Nodes$CollectorTask done
Event: 396.912 Loading class java/util/stream/Nodes$CollectorTask$OfRef done
Event: 396.914 Loading class java/util/function/LongFunction
Event: 396.915 Loading class java/util/function/LongFunction done
Event: 396.916 Loading class java/util/stream/Nodes$ConcNode
Event: 396.919 Loading class java/util/stream/Nodes$AbstractConcNode
Event: 396.920 Loading class java/util/stream/Nodes$AbstractConcNode done
Event: 396.920 Loading class java/util/stream/Nodes$ConcNode done
Event: 397.007 Loading class java/io/ObjectOutputStream$BlockDataOutputStream
Event: 397.008 Loading class java/io/ObjectOutputStream$BlockDataOutputStream done
Event: 397.008 Loading class java/io/ObjectOutputStream$HandleTable
Event: 397.009 Loading class java/io/ObjectOutputStream$HandleTable done
Event: 397.009 Loading class java/io/ObjectOutputStream$ReplaceTable
Event: 397.010 Loading class java/io/ObjectOutputStream$ReplaceTable done
Event: 585.516 Loading class java/util/ImmutableCollections$SubList
Event: 585.523 Loading class java/util/ImmutableCollections$SubList done

Classes unloaded (7 events):
Event: 44.847 Thread 0x00000262d0a92790 Unloading class 0x00000262811a2800 'java/lang/invoke/LambdaForm$MH+0x00000262811a2800'
Event: 44.847 Thread 0x00000262d0a92790 Unloading class 0x00000262811a2400 'java/lang/invoke/LambdaForm$MH+0x00000262811a2400'
Event: 44.847 Thread 0x00000262d0a92790 Unloading class 0x00000262811a2000 'java/lang/invoke/LambdaForm$MH+0x00000262811a2000'
Event: 44.847 Thread 0x00000262d0a92790 Unloading class 0x00000262811a1c00 'java/lang/invoke/LambdaForm$MH+0x00000262811a1c00'
Event: 44.847 Thread 0x00000262d0a92790 Unloading class 0x00000262811a1800 'java/lang/invoke/LambdaForm$BMH+0x00000262811a1800'
Event: 44.847 Thread 0x00000262d0a92790 Unloading class 0x00000262811a1400 'java/lang/invoke/LambdaForm$DMH+0x00000262811a1400'
Event: 44.847 Thread 0x00000262d0a92790 Unloading class 0x00000262811a0000 'java/lang/invoke/LambdaForm$DMH+0x00000262811a0000'

Classes redefined (0 events):
No events

Internal exceptions (20 events):
Event: 96.529 Thread 0x00000262eb611070 Exception <a 'java/lang/NoSuchMethodError'{0x00000000d5753cf8}: 'java.lang.Object java.lang.invoke.DirectMethodHandle$Holder.invokeStatic(java.lang.Object, java.lang.Object, int, java.lang.Object)'> (0x00000000d5753cf8) 
thrown [s\src\hotspot\share\interpreter\linkResolver.cpp, line 773]
Event: 96.532 Thread 0x00000262eb611070 Exception <a 'java/lang/NoSuchMethodError'{0x00000000d575ad28}: 'java.lang.Object java.lang.invoke.DirectMethodHandle$Holder.newInvokeSpecial(java.lang.Object, java.lang.Object, int)'> (0x00000000d575ad28) 
thrown [s\src\hotspot\share\interpreter\linkResolver.cpp, line 773]
Event: 96.643 Thread 0x00000262eb611070 Exception <a 'java/io/FileNotFoundException'{0x00000000d59dbf68}> (0x00000000d59dbf68) 
thrown [s\src\hotspot\share\prims\jni.cpp, line 520]
Event: 96.644 Thread 0x00000262eb611070 Exception <a 'java/io/FileNotFoundException'{0x00000000d59dd1c0}> (0x00000000d59dd1c0) 
thrown [s\src\hotspot\share\prims\jni.cpp, line 520]
Event: 96.881 Thread 0x00000262f069f4a0 Exception <a 'java/io/FileNotFoundException'{0x00000000d5ba6668}> (0x00000000d5ba6668) 
thrown [s\src\hotspot\share\prims\jni.cpp, line 520]
Event: 96.882 Thread 0x00000262f069f4a0 Exception <a 'java/io/FileNotFoundException'{0x00000000d5ba7b68}> (0x00000000d5ba7b68) 
thrown [s\src\hotspot\share\prims\jni.cpp, line 520]
Event: 96.883 Thread 0x00000262f069f4a0 Exception <a 'java/io/FileNotFoundException'{0x00000000d5ba8de8}> (0x00000000d5ba8de8) 
thrown [s\src\hotspot\share\prims\jni.cpp, line 520]
Event: 278.110 Thread 0x00000262eb613140 Exception <a 'java/lang/IncompatibleClassChangeError'{0x00000000d5f3fbb0}: Found class java.lang.Object, but interface was expected> (0x00000000d5f3fbb0) 
thrown [s\src\hotspot\share\interpreter\linkResolver.cpp, line 840]
Event: 281.214 Thread 0x00000262f2e6e9f0 Implicit null exception at 0x00000262ddfdafc0 to 0x00000262ddfdbe84
Event: 281.214 Thread 0x00000262f2e6e9f0 Implicit null exception at 0x00000262ddfda6e0 to 0x00000262ddfda8a0
Event: 341.613 Thread 0x00000262f06a2920 Implicit null exception at 0x00000262ddfe44ec to 0x00000262ddfe4580
Event: 396.985 Thread 0x00000262f06a1570 Exception <a 'sun/nio/fs/WindowsException'{0x00000000d59fca18}> (0x00000000d59fca18) 
thrown [s\src\hotspot\share\prims\jni.cpp, line 520]
Event: 396.987 Thread 0x00000262f06a1570 Exception <a 'sun/nio/fs/WindowsException'{0x00000000d59fd2f8}> (0x00000000d59fd2f8) 
thrown [s\src\hotspot\share\prims\jni.cpp, line 520]
Event: 396.990 Thread 0x00000262f06a1570 Implicit null exception at 0x00000262ddf66329 to 0x00000262ddf6654c
Event: 397.043 Thread 0x00000262f06a1570 Exception <a 'java/lang/NoSuchMethodError'{0x00000000d5a62520}: 'java.lang.Object java.lang.invoke.DirectMethodHandle$Holder.newInvokeSpecial(java.lang.Object, java.lang.Object, java.lang.Object, java.lang.Object, java.lang.Object, java.lang.Object, java.lang.Object, java.lang.Object)'> (0x00000000d5a62520) 
thrown [s\src\hotspot\share\interpreter\linkResolver.cpp, line 773]
Event: 603.116 Thread 0x00000262eb611070 Implicit null exception at 0x00000262de056540 to 0x00000262de056f55
Event: 751.610 Thread 0x00000262f06a2920 Exception <a 'sun/nio/fs/WindowsException'{0x00000000d591cbc8}> (0x00000000d591cbc8) 
thrown [s\src\hotspot\share\prims\jni.cpp, line 520]
Event: 751.627 Thread 0x00000262f06a2920 Exception <a 'sun/nio/fs/WindowsException'{0x00000000d591d6f8}> (0x00000000d591d6f8) 
thrown [s\src\hotspot\share\prims\jni.cpp, line 520]
Event: 1847.313 Thread 0x00000262eb612420 Exception <a 'sun/nio/fs/WindowsException'{0x00000000d59e3c58}> (0x00000000d59e3c58) 
thrown [s\src\hotspot\share\prims\jni.cpp, line 520]
Event: 1847.318 Thread 0x00000262eb612420 Exception <a 'sun/nio/fs/WindowsException'{0x00000000d59e4558}> (0x00000000d59e4558) 
thrown [s\src\hotspot\share\prims\jni.cpp, line 520]

ZGC Phase Switch (0 events):
No events

VM Operations (20 events):
Event: 1884.344 Executing VM operation: Cleanup
Event: 1884.344 Executing VM operation: Cleanup done
Event: 1915.272 Executing VM operation: ParallelGCFailedAllocation (Allocation Failure)
Event: 1915.304 Executing VM operation: ParallelGCFailedAllocation (Allocation Failure) done
Event: 1915.971 Executing VM operation: ParallelGCFailedAllocation (Allocation Failure)
Event: 1915.980 Executing VM operation: ParallelGCFailedAllocation (Allocation Failure) done
Event: 1916.991 Executing VM operation: Cleanup
Event: 1916.991 Executing VM operation: Cleanup done
Event: 1923.809 Executing VM operation: HandshakeAllThreads (HandshakeForDeflation)
Event: 1923.809 Executing VM operation: HandshakeAllThreads (HandshakeForDeflation) done
Event: 1923.809 Executing VM operation: RendezvousGCThreads
Event: 1923.809 Executing VM operation: RendezvousGCThreads done
Event: 1983.990 Executing VM operation: HandshakeAllThreads (HandshakeForDeflation)
Event: 1983.996 Executing VM operation: HandshakeAllThreads (HandshakeForDeflation) done
Event: 1983.996 Executing VM operation: RendezvousGCThreads
Event: 1983.996 Executing VM operation: RendezvousGCThreads done
Event: 2128.463 Executing VM operation: Cleanup
Event: 2128.466 Executing VM operation: Cleanup done
Event: 2129.466 Executing VM operation: Cleanup
Event: 2129.466 Executing VM operation: Cleanup done

Memory protections (0 events):
No events

Nmethod flushes (20 events):
Event: 71.762 Thread 0x00000262d0a92790 flushing  nmethod 0x00000262d6851c10
Event: 71.762 Thread 0x00000262d0a92790 flushing  nmethod 0x00000262d6861410
Event: 71.762 Thread 0x00000262d0a92790 flushing  nmethod 0x00000262d686bb90
Event: 71.762 Thread 0x00000262d0a92790 flushing  nmethod 0x00000262d68cce10
Event: 71.762 Thread 0x00000262d0a92790 flushing  nmethod 0x00000262d68d0890
Event: 71.762 Thread 0x00000262d0a92790 flushing  nmethod 0x00000262d68e4590
Event: 71.762 Thread 0x00000262d0a92790 flushing  nmethod 0x00000262d68e5e90
Event: 71.762 Thread 0x00000262d0a92790 flushing  nmethod 0x00000262d68e6490
Event: 71.762 Thread 0x00000262d0a92790 flushing  nmethod 0x00000262d68e7410
Event: 71.762 Thread 0x00000262d0a92790 flushing  nmethod 0x00000262d68e7790
Event: 71.762 Thread 0x00000262d0a92790 flushing  nmethod 0x00000262d68e9210
Event: 71.762 Thread 0x00000262d0a92790 flushing  nmethod 0x00000262d68f9b90
Event: 71.762 Thread 0x00000262d0a92790 flushing  nmethod 0x00000262d68ff990
Event: 71.762 Thread 0x00000262d0a92790 flushing  nmethod 0x00000262d690f690
Event: 71.762 Thread 0x00000262d0a92790 flushing  nmethod 0x00000262d692e610
Event: 71.762 Thread 0x00000262d0a92790 flushing  nmethod 0x00000262d693c910
Event: 71.762 Thread 0x00000262d0a92790 flushing  nmethod 0x00000262d695a210
Event: 71.762 Thread 0x00000262d0a92790 flushing  nmethod 0x00000262d6961610
Event: 71.762 Thread 0x00000262d0a92790 flushing  nmethod 0x00000262d6962790
Event: 71.763 Thread 0x00000262d0a92790 flushing osr nmethod 0x00000262d696ae10

Events (20 events):
Event: 563.322 Thread 0x00000262f2e6e9f0 Thread exited: 0x00000262f2e6e9f0
Event: 585.691 Thread 0x00000262e98dc890 Thread added: 0x00000262f34e6950
Event: 586.106 Thread 0x00000262f34e6950 Thread exited: 0x00000262f34e6950
Event: 603.894 Thread 0x00000262f06a2920 Thread added: 0x00000262eb612420
Event: 623.324 Thread 0x00000262f2e6dcd0 Thread exited: 0x00000262f2e6dcd0
Event: 674.228 Thread 0x00000262eb612420 Thread exited: 0x00000262eb612420
Event: 674.735 Thread 0x00000262f06a2920 Thread added: 0x00000262eb610350
Event: 674.834 Thread 0x00000262f06a1570 Thread exited: 0x00000262f06a1570
Event: 751.440 Thread 0x00000262f06a2920 Thread added: 0x00000262eb612420
Event: 751.470 Thread 0x00000262eb612420 Thread exited: 0x00000262eb612420
Event: 751.678 Thread 0x00000262f06a2920 Thread added: 0x00000262eb6109e0
Event: 751.683 Thread 0x00000262eb6109e0 Thread exited: 0x00000262eb6109e0
Event: 1603.781 Thread 0x00000262f06a2920 Thread added: 0x00000262eb612420
Event: 1733.898 Thread 0x00000262f06a2920 Thread exited: 0x00000262f06a2920
Event: 1847.248 Thread 0x00000262eb612420 Thread added: 0x00000262eb6109e0
Event: 1847.258 Thread 0x00000262eb6109e0 Thread exited: 0x00000262eb6109e0
Event: 1847.338 Thread 0x00000262eb612420 Thread added: 0x00000262eb6109e0
Event: 1847.339 Thread 0x00000262eb6109e0 Thread exited: 0x00000262eb6109e0
Event: 1883.412 Thread 0x00000262eb612420 Thread added: 0x00000262eb6109e0
Event: 1914.990 Thread 0x00000262eb610350 Thread exited: 0x00000262eb610350


Dynamic libraries:
0x00007ff69d470000 - 0x00007ff69d47e000 	c:\Users\Hp\.cursor\extensions\redhat.java-1.46.0-win32-x64\jre\21.0.8-win32-x86_64\bin\java.exe
0x00007ffa7a610000 - 0x00007ffa7a827000 	C:\WINDOWS\SYSTEM32\ntdll.dll
0x00007ffa78320000 - 0x00007ffa783e4000 	C:\WINDOWS\System32\KERNEL32.DLL
0x00007ffa77830000 - 0x00007ffa77c02000 	C:\WINDOWS\System32\KERNELBASE.dll
0x00007ffa78150000 - 0x00007ffa78261000 	C:\WINDOWS\System32\ucrtbase.dll
0x00007ffa44d00000 - 0x00007ffa44d18000 	c:\Users\Hp\.cursor\extensions\redhat.java-1.46.0-win32-x64\jre\21.0.8-win32-x86_64\bin\jli.dll
0x00007ffa799f0000 - 0x00007ffa79ba1000 	C:\WINDOWS\System32\USER32.dll
0x00007ffa77c10000 - 0x00007ffa77c36000 	C:\WINDOWS\System32\win32u.dll
0x00007ffa79dc0000 - 0x00007ffa79de9000 	C:\WINDOWS\System32\GDI32.dll
0x00007ffa77700000 - 0x00007ffa77823000 	C:\WINDOWS\System32\gdi32full.dll
0x00007ffa77e30000 - 0x00007ffa77eca000 	C:\WINDOWS\System32\msvcp_win.dll
0x00007ffa46990000 - 0x00007ffa469ae000 	c:\Users\Hp\.cursor\extensions\redhat.java-1.46.0-win32-x64\jre\21.0.8-win32-x86_64\bin\VCRUNTIME140.dll
0x00007ffa5c860000 - 0x00007ffa5cafb000 	C:\WINDOWS\WinSxS\amd64_microsoft.windows.common-controls_6595b64144ccf1df_6.0.22621.5547_none_27104afb73855772\COMCTL32.dll
0x00007ffa79940000 - 0x00007ffa799e7000 	C:\WINDOWS\System32\msvcrt.dll
0x00007ffa79c60000 - 0x00007ffa79c91000 	C:\WINDOWS\System32\IMM32.DLL
0x00007ffa70b30000 - 0x00007ffa70b3c000 	c:\Users\Hp\.cursor\extensions\redhat.java-1.46.0-win32-x64\jre\21.0.8-win32-x86_64\bin\vcruntime140_1.dll
0x00007ffa0d050000 - 0x00007ffa0d0dd000 	c:\Users\Hp\.cursor\extensions\redhat.java-1.46.0-win32-x64\jre\21.0.8-win32-x86_64\bin\msvcp140.dll
0x00007ff997a80000 - 0x00007ff998817000 	c:\Users\Hp\.cursor\extensions\redhat.java-1.46.0-win32-x64\jre\21.0.8-win32-x86_64\bin\server\jvm.dll
0x00007ffa79df0000 - 0x00007ffa79ea1000 	C:\WINDOWS\System32\ADVAPI32.dll
0x00007ffa794c0000 - 0x00007ffa79568000 	C:\WINDOWS\System32\sechost.dll
0x00007ffa78270000 - 0x00007ffa78298000 	C:\WINDOWS\System32\bcrypt.dll
0x00007ffa79f90000 - 0x00007ffa7a0a4000 	C:\WINDOWS\System32\RPCRT4.dll
0x00007ffa782a0000 - 0x00007ffa78311000 	C:\WINDOWS\System32\WS2_32.dll
0x00007ffa775d0000 - 0x00007ffa7761d000 	C:\WINDOWS\SYSTEM32\POWRPROF.dll
0x00007ffa72380000 - 0x00007ffa723b4000 	C:\WINDOWS\SYSTEM32\WINMM.dll
0x00007ffa72d40000 - 0x00007ffa72d4a000 	C:\WINDOWS\SYSTEM32\VERSION.dll
0x00007ffa775b0000 - 0x00007ffa775c3000 	C:\WINDOWS\SYSTEM32\UMPDC.dll
0x00007ffa76730000 - 0x00007ffa76748000 	C:\WINDOWS\SYSTEM32\kernel.appcore.dll
0x00007ffa6fed0000 - 0x00007ffa6feda000 	c:\Users\Hp\.cursor\extensions\redhat.java-1.46.0-win32-x64\jre\21.0.8-win32-x86_64\bin\jimage.dll
0x00007ffa75120000 - 0x00007ffa75353000 	C:\WINDOWS\SYSTEM32\DBGHELP.DLL
0x00007ffa783f0000 - 0x00007ffa78783000 	C:\WINDOWS\System32\combase.dll
0x00007ffa79eb0000 - 0x00007ffa79f87000 	C:\WINDOWS\System32\OLEAUT32.dll
0x00007ffa5b4a0000 - 0x00007ffa5b4d2000 	C:\WINDOWS\SYSTEM32\dbgcore.DLL
0x00007ffa78010000 - 0x00007ffa7808b000 	C:\WINDOWS\System32\bcryptPrimitives.dll
0x00007ffa5fb90000 - 0x00007ffa5fb9f000 	c:\Users\Hp\.cursor\extensions\redhat.java-1.46.0-win32-x64\jre\21.0.8-win32-x86_64\bin\instrument.dll
0x00007ffa44960000 - 0x00007ffa4497f000 	c:\Users\Hp\.cursor\extensions\redhat.java-1.46.0-win32-x64\jre\21.0.8-win32-x86_64\bin\java.dll
0x00007ffa78c10000 - 0x00007ffa794b2000 	C:\WINDOWS\System32\SHELL32.dll
0x00007ffa77ed0000 - 0x00007ffa7800f000 	C:\WINDOWS\System32\wintypes.dll
0x00007ffa75600000 - 0x00007ffa75f1d000 	C:\WINDOWS\SYSTEM32\windows.storage.dll
0x00007ffa79ca0000 - 0x00007ffa79dac000 	C:\WINDOWS\System32\SHCORE.dll
0x00007ffa798c0000 - 0x00007ffa79929000 	C:\WINDOWS\System32\shlwapi.dll
0x00007ffa77630000 - 0x00007ffa7765b000 	C:\WINDOWS\SYSTEM32\profapi.dll
0x00007ffa3fb90000 - 0x00007ffa3fba8000 	c:\Users\Hp\.cursor\extensions\redhat.java-1.46.0-win32-x64\jre\21.0.8-win32-x86_64\bin\zip.dll
0x00007ffa5fc60000 - 0x00007ffa5fc70000 	C:\Users\Hp\.cursor\extensions\redhat.java-1.46.0-win32-x64\jre\21.0.8-win32-x86_64\bin\net.dll
0x00007ffa70770000 - 0x00007ffa7089c000 	C:\WINDOWS\SYSTEM32\WINHTTP.dll
0x00007ffa76bb0000 - 0x00007ffa76c19000 	C:\WINDOWS\system32\mswsock.dll
0x00007ffa3f680000 - 0x00007ffa3f696000 	C:\Users\Hp\.cursor\extensions\redhat.java-1.46.0-win32-x64\jre\21.0.8-win32-x86_64\bin\nio.dll
0x00007ffa5f950000 - 0x00007ffa5f960000 	c:\Users\Hp\.cursor\extensions\redhat.java-1.46.0-win32-x64\jre\21.0.8-win32-x86_64\bin\verify.dll
0x00007ffa2e690000 - 0x00007ffa2e6d4000 	C:\Users\Hp\AppData\Roaming\Cursor\User\globalStorage\redhat.java\1.46.0\config_win\org.eclipse.equinox.launcher\org.eclipse.equinox.launcher.win32.win32.x86_64_1.2.1400.v20250801-0854\eclipse_11916.dll
0x00007ffa79570000 - 0x00007ffa79710000 	C:\WINDOWS\System32\ole32.dll
0x00007ffa76e00000 - 0x00007ffa76e1b000 	C:\WINDOWS\SYSTEM32\CRYPTSP.dll
0x00007ffa76690000 - 0x00007ffa766c7000 	C:\WINDOWS\system32\rsaenh.dll
0x00007ffa76ca0000 - 0x00007ffa76cc8000 	C:\WINDOWS\SYSTEM32\USERENV.dll
0x00007ffa76e20000 - 0x00007ffa76e2c000 	C:\WINDOWS\SYSTEM32\CRYPTBASE.dll
0x00007ffa76180000 - 0x00007ffa761ad000 	C:\WINDOWS\SYSTEM32\IPHLPAPI.DLL
0x00007ffa79930000 - 0x00007ffa79939000 	C:\WINDOWS\System32\NSI.dll
0x00007ffa1bd30000 - 0x00007ffa1bd79000 	C:\Users\Hp\AppData\Local\Temp\jna-2344\jna9119603383936265834.dll
0x00007ffa798a0000 - 0x00007ffa798a8000 	C:\WINDOWS\System32\PSAPI.DLL
0x00007ffa70600000 - 0x00007ffa70619000 	C:\WINDOWS\SYSTEM32\dhcpcsvc6.DLL
0x00007ffa705b0000 - 0x00007ffa705cf000 	C:\WINDOWS\SYSTEM32\dhcpcsvc.DLL
0x00007ff9ea730000 - 0x00007ff9ea757000 	C:\Users\Hp\.gradle\native\c067742578af261105cb4f569cf0c3c89f3d7b1fecec35dd04571415982c5e48\windows-amd64\native-platform.dll
0x00007ffa72360000 - 0x00007ffa7236a000 	C:\Users\Hp\.cursor\extensions\redhat.java-1.46.0-win32-x64\jre\21.0.8-win32-x86_64\bin\management.dll
0x00007ffa5fa30000 - 0x00007ffa5fa3b000 	C:\Users\Hp\.cursor\extensions\redhat.java-1.46.0-win32-x64\jre\21.0.8-win32-x86_64\bin\management_ext.dll
0x00007ffa5fa20000 - 0x00007ffa5fa2e000 	C:\Users\Hp\.cursor\extensions\redhat.java-1.46.0-win32-x64\jre\21.0.8-win32-x86_64\bin\sunmscapi.dll
0x00007ffa77cc0000 - 0x00007ffa77e27000 	C:\WINDOWS\System32\CRYPT32.dll
0x00007ffa76fc0000 - 0x00007ffa76fed000 	C:\WINDOWS\SYSTEM32\ncrypt.dll
0x00007ffa76f80000 - 0x00007ffa76fb7000 	C:\WINDOWS\SYSTEM32\NTASN1.dll
0x00007ffa761f0000 - 0x00007ffa762e8000 	C:\WINDOWS\SYSTEM32\DNSAPI.dll
0x00007ffa5d590000 - 0x00007ffa5d59a000 	C:\Windows\System32\rasadhlp.dll
0x00007ffa5f460000 - 0x00007ffa5f469000 	C:\Users\Hp\.cursor\extensions\redhat.java-1.46.0-win32-x64\jre\21.0.8-win32-x86_64\bin\extnet.dll

JVMTI agents:
c:\Users\Hp\.cursor\extensions\redhat.java-1.46.0-win32-x64\lombok\lombok-1.18.39-4050.jar path:c:\Users\Hp\.cursor\extensions\redhat.java-1.46.0-win32-x64\jre\21.0.8-win32-x86_64\bin\instrument.dll, loaded, initialized, instrumentlib options:none

dbghelp: loaded successfully - version: 4.0.5 - missing functions: none
symbol engine: initialized successfully - sym options: 0x614 - pdb path: .;c:\Users\Hp\.cursor\extensions\redhat.java-1.46.0-win32-x64\jre\21.0.8-win32-x86_64\bin;C:\WINDOWS\SYSTEM32;C:\WINDOWS\WinSxS\amd64_microsoft.windows.common-controls_6595b64144ccf1df_6.0.22621.5547_none_27104afb73855772;c:\Users\Hp\.cursor\extensions\redhat.java-1.46.0-win32-x64\jre\21.0.8-win32-x86_64\bin\server;C:\Users\Hp\AppData\Roaming\Cursor\User\globalStorage\redhat.java\1.46.0\config_win\org.eclipse.equinox.launcher\org.eclipse.equinox.launcher.win32.win32.x86_64_1.2.1400.v20250801-0854;C:\Users\Hp\AppData\Local\Temp\jna-2344;C:\Users\Hp\.gradle\native\c067742578af261105cb4f569cf0c3c89f3d7b1fecec35dd04571415982c5e48\windows-amd64

VM Arguments:
jvm_args: --add-modules=ALL-SYSTEM --add-opens=java.base/java.util=ALL-UNNAMED --add-opens=java.base/java.lang=ALL-UNNAMED --add-opens=java.base/sun.nio.fs=ALL-UNNAMED -Declipse.application=org.eclipse.jdt.ls.core.id1 -Dosgi.bundles.defaultStartLevel=4 -Declipse.product=org.eclipse.jdt.ls.core.product -Djava.import.generatesMetadataFilesAtProjectRoot=false -DDetectVMInstallationsJob.disabled=true -Dfile.encoding=utf8 -XX:+UseParallelGC -XX:GCTimeRatio=4 -XX:AdaptiveSizePolicyWeight=90 -Dsun.zip.disableMemoryMapping=true -Xmx2G -Xms100m -Xlog:disable -javaagent:c:\Users\Hp\.cursor\extensions\redhat.java-1.46.0-win32-x64\lombok\lombok-1.18.39-4050.jar -XX:+HeapDumpOnOutOfMemoryError -XX:HeapDumpPath=c:\Users\Hp\AppData\Roaming\Cursor\User\workspaceStorage\b55cafc82524466c721ec8ddf2051226\redhat.java -Daether.dependencyCollector.impl=bf 
java_command: c:\Users\Hp\.cursor\extensions\redhat.java-1.46.0-win32-x64\server\plugins\org.eclipse.equinox.launcher_1.7.0.v20250519-0528.jar -configuration c:\Users\Hp\AppData\Roaming\Cursor\User\globalStorage\redhat.java\1.46.0\config_win -data c:\Users\Hp\AppData\Roaming\Cursor\User\workspaceStorage\b55cafc82524466c721ec8ddf2051226\redhat.java\jdt_ws --pipe=\\.\pipe\lsp-4f610125f9204399203cdd76dce3a8df-sock
java_class_path (initial): c:\Users\Hp\.cursor\extensions\redhat.java-1.46.0-win32-x64\server\plugins\org.eclipse.equinox.launcher_1.7.0.v20250519-0528.jar
Launcher Type: SUN_STANDARD

[Global flags]
    uintx AdaptiveSizePolicyWeight                 = 90                                        {product} {command line}
     intx CICompilerCount                          = 4                                         {product} {ergonomic}
    uintx GCTimeRatio                              = 4                                         {product} {command line}
     bool HeapDumpOnOutOfMemoryError               = true                                   {manageable} {command line}
    ccstr HeapDumpPath                             = c:\Users\Hp\AppData\Roaming\Cursor\User\workspaceStorage\b55cafc82524466c721ec8ddf2051226\redhat.java         {manageable} {command line}
   size_t InitialHeapSize                          = 104857600                                 {product} {command line}
   size_t MaxHeapSize                              = 2147483648                                {product} {command line}
   size_t MaxNewSize                               = 715653120                                 {product} {ergonomic}
   size_t MinHeapDeltaBytes                        = 524288                                    {product} {ergonomic}
   size_t MinHeapSize                              = 104857600                                 {product} {command line}
   size_t NewSize                                  = 34603008                                  {product} {ergonomic}
    uintx NonNMethodCodeHeapSize                   = 5839372                                {pd product} {ergonomic}
    uintx NonProfiledCodeHeapSize                  = 122909434                              {pd product} {ergonomic}
   size_t OldSize                                  = 70254592                                  {product} {ergonomic}
    uintx ProfiledCodeHeapSize                     = 122909434                              {pd product} {ergonomic}
    uintx ReservedCodeCacheSize                    = 251658240                              {pd product} {ergonomic}
     bool SegmentedCodeCache                       = true                                      {product} {ergonomic}
   size_t SoftMaxHeapSize                          = 2147483648                             {manageable} {ergonomic}
     bool UseCompressedOops                        = true                           {product lp64_product} {ergonomic}
     bool UseLargePagesIndividualAllocation        = false                                  {pd product} {ergonomic}
     bool UseParallelGC                            = true                                      {product} {command line}

Logging:
Log output configuration:
 #0: stdout all=off uptime,level,tags foldmultilines=false
 #1: stderr all=off uptime,level,tags foldmultilines=false

Environment Variables:
JAVA_HOME=C:\Program Files\Java\jdk-23
PATH=C:\Python313\Scripts\;C:\Python313\;C:\Program Files\Common Files\Oracle\Java\javapath;C:\Python38\Scripts\;C:\Python38\;C:\WINDOWS\system32;C:\WINDOWS;C:\WINDOWS\System32\Wbem;C:\WINDOWS\System32\WindowsPowerShell\v1.0\;C:\WINDOWS\System32\OpenSSH\;C:\ProgramData\chocolatey\bin;C:\Program Files (x86)\Yarn\bin\;C:\Program Files\HP\HP One Agent;C:\wamp\bin\php\php7.4.33;C:\ProgramData\ComposerSetup\bin;C:\xampp\php;C:\Program Files\apache-maven-3.9.8\bin;C:\Program Files\Java\jdk-23\bin;C:\Program Files\Git\cmd;C:\Program Files\Git\mingw64\bin;C:\Program Files\Git\usr\bin;C:\Program Files\nodejs\;c:\Users\Hp\AppData\Local\Programs\cursor\resources\app\bin;C:\Program Files\cursor\resources\app\bin;C:\Users\Hp\AppData\Local\Programs\Python\Python38-32\Scripts\;C:\Users\Hp\AppData\Local\Programs\Python\Python38-32\;C:\Users\Hp\AppData\Local\Microsoft\WindowsApps;C:\Users\Hp\AppData\Local\Programs\Microsoft VS Code\bin;C:\sqlite;C:\Users\Hp\AppData\Local\Yarn\bin;C:\MinGW\bin;C:\Users\Hp\AppData\Roaming\Composer\vendor\bin;C:\Users\Hp\AppData\Roaming\npm;C:\Users\Hp\AppData\Local\Programs\cursor\resources\app\bin
USERNAME=Hp
OS=Windows_NT
PROCESSOR_IDENTIFIER=Intel64 Family 6 Model 142 Stepping 11, GenuineIntel
TMP=C:\Users\Hp\AppData\Local\Temp
TEMP=C:\Users\Hp\AppData\Local\Temp




Periodic native trim disabled

---------------  S Y S T E M  ---------------

OS:
 Windows 11 , 64 bit Build 22621 (10.0.22621.5415)
OS uptime: 0 days 2:29 hours

CPU: total 8 (initial active 8) (4 cores per cpu, 2 threads per core) family 6 model 142 stepping 11 microcode 0xde, cx8, cmov, fxsr, ht, mmx, 3dnowpref, sse, sse2, sse3, ssse3, sse4.1, sse4.2, popcnt, lzcnt, tsc, tscinvbit, avx, avx2, aes, erms, clmul, bmi1, bmi2, adx, fma, vzeroupper, clflush, clflushopt, rdtscp, f16c
Processor Information for the first 8 processors :
  Max Mhz: 1800, Current Mhz: 1600, Mhz Limit: 1584

Memory: 4k page, system-wide physical 8078M (428M free)
TotalPageFile size 25193M (AvailPageFile size 75M)
current process WorkingSet (physical memory assigned to process): 36M, peak: 261M
current process commit charge ("private bytes"): 443M, peak: 462M

vm_info: OpenJDK 64-Bit Server VM (21.0.8+9-LTS) for windows-amd64 JRE (21.0.8+9-LTS), built on 2025-07-15T00:00:00Z by "admin" with MS VC++ 17.7 (VS2022)

END.
